2022-02-24 19:33:48,953 INFO o.h.v.i.u.Version [background-preinit] HV000001: Hibernate Validator 6.0.21.Final
2022-02-24 19:33:49,987 INFO o.s.b.StartupInfoLogger [main] Starting EmsPanipatApplication v0.1 on DESKTOP-LH5E6H8 with PID 19656 (C:\Program Files\Apache Software Foundation\Tomcat 9.0\webapps\EMSPro\WEB-INF\classes started by BigTyme in D:\react code tutorial\Panipat-Refinary\ROOT)
2022-02-24 19:33:50,030 INFO o.s.b.SpringApplication [main] No active profile set, falling back to default profiles: default
2022-02-24 19:34:07,316 INFO o.s.d.r.c.RepositoryConfigurationDelegate [main] Bootstrapping Spring Data JPA repositories in DEFAULT mode.
2022-02-24 19:34:08,863 INFO o.s.d.r.c.RepositoryConfigurationDelegate [main] Finished Spring Data repository scanning in 1491ms. Found 2 JPA repository interfaces.
2022-02-24 19:34:12,917 INFO o.s.c.s.PostProcessorRegistrationDelegate$BeanPostProcessorChecker [main] Bean 'org.springframework.security.access.expression.method.DefaultMethodSecurityExpressionHandler@310ff09e' of type [org.springframework.security.access.expression.method.DefaultMethodSecurityExpressionHandler] is not eligible for getting processed by all BeanPostProcessors (for example: not eligible for auto-proxying)
2022-02-24 19:34:12,944 INFO o.s.c.s.PostProcessorRegistrationDelegate$BeanPostProcessorChecker [main] Bean 'methodSecurityMetadataSource' of type [org.springframework.security.access.method.DelegatingMethodSecurityMetadataSource] is not eligible for getting processed by all BeanPostProcessors (for example: not eligible for auto-proxying)
2022-02-24 19:34:13,068 INFO o.s.b.w.s.c.ServletWebServerApplicationContext [main] Root WebApplicationContext: initialization completed in 22657 ms
2022-02-24 19:34:14,723 WARN o.s.b.a.o.j.JpaBaseConfiguration$JpaWebConfiguration [main] spring.jpa.open-in-view is enabled by default. Therefore, database queries may be performed during view rendering. Explicitly configure spring.jpa.open-in-view to disable this warning
2022-02-24 19:34:20,110 INFO o.h.j.i.u.LogHelper [main] HHH000204: Processing PersistenceUnitInfo [name: default]
2022-02-24 19:34:21,436 INFO o.h.Version [main] HHH000412: Hibernate ORM core version 5.4.22.Final
2022-02-24 19:34:26,258 INFO o.h.a.c.r.j.JavaReflectionManager [main] HCANN000001: Hibernate Commons Annotations {5.1.0.Final}
2022-02-24 19:34:29,235 INFO c.z.h.HikariDataSource [main] HikariPool-1 - Starting...
2022-02-24 19:34:35,837 INFO c.z.h.HikariDataSource [main] HikariPool-1 - Start completed.
2022-02-24 19:34:37,286 INFO o.h.d.Dialect [main] HHH000400: Using dialect: org.hibernate.dialect.PostgreSQLDialect
2022-02-24 19:34:50,729 INFO o.h.e.t.j.p.i.JtaPlatformInitiator [main] HHH000490: Using JtaPlatform implementation: [org.hibernate.engine.transaction.jta.platform.internal.NoJtaPlatform]
2022-02-24 19:34:50,841 INFO o.s.o.j.AbstractEntityManagerFactoryBean [main] Initialized JPA EntityManagerFactory for persistence unit 'default'
2022-02-24 19:35:12,217 INFO o.s.s.w.DefaultSecurityFilterChain [main] Creating filter chain: any request, [org.springframework.security.web.context.request.async.WebAsyncManagerIntegrationFilter@7488db31, org.springframework.security.web.context.SecurityContextPersistenceFilter@8d92b1e, org.springframework.security.web.header.HeaderWriterFilter@5fbd0979, org.springframework.web.filter.CorsFilter@3eb85d54, org.springframework.security.web.authentication.logout.LogoutFilter@e8c9bd4, com.example.Ems_Panipat.security.security.jwt.AuthTokenFilter@11c27ace, org.springframework.security.web.savedrequest.RequestCacheAwareFilter@3f81872b, org.springframework.security.web.servletapi.SecurityContextHolderAwareRequestFilter@84fb597, org.springframework.security.web.authentication.AnonymousAuthenticationFilter@39c76fc8, org.springframework.security.web.session.SessionManagementFilter@7c060680, org.springframework.security.web.access.ExceptionTranslationFilter@22ecb321, org.springframework.security.web.access.intercept.FilterSecurityInterceptor@3ad4c643]
2022-02-24 19:35:13,699 INFO o.s.s.c.ExecutorConfigurationSupport [main] Initializing ExecutorService 'applicationTaskExecutor'
2022-02-24 19:35:15,554 INFO o.s.b.StartupInfoLogger [main] Started EmsPanipatApplication in 90.752 seconds (JVM running for 140.105)
